<?xml version="1.0" encoding="UTF-8"?>
<testsuite xmlns:xsi="http://www.w3.org/2001/XMLSchema-instance" xsi:noNamespaceSchemaLocation="https://maven.apache.org/surefire/maven-surefire-plugin/xsd/surefire-test-report.xsd" name="rockets.model.GunrunnerUnitTest" time="0.151" tests="4" errors="0" skipped="0" failures="0">
  <properties>
[...]
</properties>
  <testcase name="shouldThrowExceptionWhenSetFuelToNull" classname="rockets.model.GunrunnerUnitTest" time="0.024"/>
  <testcase name="shouldThrowexceptionWhenSetUsageToEmptyOrNull{String}[1]" classname="rockets.model.GunrunnerUnitTest" time="0.058"/>
  <testcase name="shouldThrowexceptionWhenSetUsageToEmptyOrNull{String}[2]" classname="rockets.model.GunrunnerUnitTest" time="0.001"/>
  <testcase name="shouldThrowexceptionWhenSetUsageToEmptyOrNull{String}[3]" classname="rockets.model.GunrunnerUnitTest" time="0"/>
</testsuite>